0:0:0:0:0:0:0:1 - - [08/二月/2022:17:08:34 +0800] "GET / HTTP/1.1" 200 - "-" "Mozilla/5.0 (Windows NT 10.0; Win64; x64) AppleWebKit/537.36 (KHTML, like Gecko) Chrome/97.0.4692.99 Safari/537.36" "AX7Yl4BMut+L/qPNAAAA"
0:0:0:0:0:0:0:1 - - [08/二月/2022:17:08:35 +0800] "GET /api/l10n/index?locale=zh-CN HTTP/1.1" 200 - "http://localhost:9000/" "Mozilla/5.0 (Windows NT 10.0; Win64; x64) AppleWebKit/537.36 (KHTML, like Gecko) Chrome/97.0.4692.99 Safari/537.36" "AX7Yl4BMut+L/qPNAAAB"
0:0:0:0:0:0:0:1 - - [08/二月/2022:17:08:35 +0800] "GET /api/system/status HTTP/1.1" 200 59 "http://localhost:9000/" "Mozilla/5.0 (Windows NT 10.0; Win64; x64) AppleWebKit/537.36 (KHTML, like Gecko) Chrome/97.0.4692.99 Safari/537.36" "AX7Yl4BMut+L/qPNAAAC"
0:0:0:0:0:0:0:1 - - [08/二月/2022:17:08:35 +0800] "GET /api/users/current HTTP/1.1" 200 98 "http://localhost:9000/" "Mozilla/5.0 (Windows NT 10.0; Win64; x64) AppleWebKit/537.36 (KHTML, like Gecko) Chrome/97.0.4692.99 Safari/537.36" "AX7Yl4BMut+L/qPNAAAD"
0:0:0:0:0:0:0:1 - - [08/二月/2022:17:08:35 +0800] "GET /api/languages/list HTTP/1.1" 200 247 "http://localhost:9000/" "Mozilla/5.0 (Windows NT 10.0; Win64; x64) AppleWebKit/537.36 (KHTML, like Gecko) Chrome/97.0.4692.99 Safari/537.36" "AX7Yl4BMut+L/qPNAAAE"
0:0:0:0:0:0:0:1 - - [08/二月/2022:17:08:35 +0800] "GET /api/navigation/global HTTP/1.1" 200 561 "http://localhost:9000/" "Mozilla/5.0 (Windows NT 10.0; Win64; x64) AppleWebKit/537.36 (KHTML, like Gecko) Chrome/97.0.4692.99 Safari/537.36" "AX7Yl4BMut+L/qPNAAAF"
0:0:0:0:0:0:0:1 - - [08/二月/2022:17:08:35 +0800] "GET /api/settings/values?keys=sonar.lf.aboutText HTTP/1.1" 200 15 "http://localhost:9000/about" "Mozilla/5.0 (Windows NT 10.0; Win64; x64) AppleWebKit/537.36 (KHTML, like Gecko) Chrome/97.0.4692.99 Safari/537.36" "AX7Yl4BMut+L/qPNAAAI"
0:0:0:0:0:0:0:1 - - [08/二月/2022:17:08:35 +0800] "GET /api/components/search_projects?ps=1 HTTP/1.1" 200 77 "http://localhost:9000/about" "Mozilla/5.0 (Windows NT 10.0; Win64; x64) AppleWebKit/537.36 (KHTML, like Gecko) Chrome/97.0.4692.99 Safari/537.36" "AX7Yl4BMut+L/qPNAAAG"
0:0:0:0:0:0:0:1 - - [08/二月/2022:17:08:35 +0800] "GET /api/issues/search?resolved=false&facets=types&ps=1&additionalFields=_all HTTP/1.1" 200 500 "http://localhost:9000/about" "Mozilla/5.0 (Windows NT 10.0; Win64; x64) AppleWebKit/537.36 (KHTML, like Gecko) Chrome/97.0.4692.99 Safari/537.36" "AX7Yl4BMut+L/qPNAAAH"
0:0:0:0:0:0:0:1 - - [08/二月/2022:17:19:58 +0800] "GET /api/navigation/global HTTP/1.1" 200 561 "http://localhost:9000/sessions/new" "Mozilla/5.0 (Windows NT 10.0; Win64; x64) AppleWebKit/537.36 (KHTML, like Gecko) Chrome/97.0.4692.99 Safari/537.36" "AX7Yl4BMut+L/qPNAAAJ"
0:0:0:0:0:0:0:1 - - [08/二月/2022:17:19:58 +0800] "GET /api/users/identity_providers HTTP/1.1" 200 24 "http://localhost:9000/sessions/new" "Mozilla/5.0 (Windows NT 10.0; Win64; x64) AppleWebKit/537.36 (KHTML, like Gecko) Chrome/97.0.4692.99 Safari/537.36" "AX7Yl4BMut+L/qPNAAAK"
0:0:0:0:0:0:0:1 - - [08/二月/2022:17:20:04 +0800] "POST /api/authentication/login HTTP/1.1" 200 - "http://localhost:9000/sessions/new" "Mozilla/5.0 (Windows NT 10.0; Win64; x64) AppleWebKit/537.36 (KHTML, like Gecko) Chrome/97.0.4692.99 Safari/537.36" "AX7Yl4BMut+L/qPNAAAL"
0:0:0:0:0:0:0:1 - - [08/二月/2022:17:20:04 +0800] "GET / HTTP/1.1" 200 - "http://localhost:9000/sessions/new" "Mozilla/5.0 (Windows NT 10.0; Win64; x64) AppleWebKit/537.36 (KHTML, like Gecko) Chrome/97.0.4692.99 Safari/537.36" "AX7Yl4BMut+L/qPNAAAM"
0:0:0:0:0:0:0:1 - - [08/二月/2022:17:20:04 +0800] "GET /api/l10n/index?locale=zh-CN HTTP/1.1" 200 - "http://localhost:9000/" "Mozilla/5.0 (Windows NT 10.0; Win64; x64) AppleWebKit/537.36 (KHTML, like Gecko) Chrome/97.0.4692.99 Safari/537.36" "AX7Yl4BMut+L/qPNAAAN"
0:0:0:0:0:0:0:1 - - [08/二月/2022:17:20:04 +0800] "GET /api/system/status HTTP/1.1" 200 59 "http://localhost:9000/" "Mozilla/5.0 (Windows NT 10.0; Win64; x64) AppleWebKit/537.36 (KHTML, like Gecko) Chrome/97.0.4692.99 Safari/537.36" "AX7Yl4BMut+L/qPNAAAO"
0:0:0:0:0:0:0:1 - - [08/二月/2022:17:20:04 +0800] "GET /api/users/current HTTP/1.1" 200 342 "http://localhost:9000/" "Mozilla/5.0 (Windows NT 10.0; Win64; x64) AppleWebKit/537.36 (KHTML, like Gecko) Chrome/97.0.4692.99 Safari/537.36" "AX7Yl4BMut+L/qPNAAAP"
0:0:0:0:0:0:0:1 - - [08/二月/2022:17:20:05 +0800] "GET /api/languages/list HTTP/1.1" 200 247 "http://localhost:9000/" "Mozilla/5.0 (Windows NT 10.0; Win64; x64) AppleWebKit/537.36 (KHTML, like Gecko) Chrome/97.0.4692.99 Safari/537.36" "AX7Yl4BMut+L/qPNAAAR"
0:0:0:0:0:0:0:1 - - [08/二月/2022:17:20:05 +0800] "GET /api/navigation/global HTTP/1.1" 200 560 "http://localhost:9000/" "Mozilla/5.0 (Windows NT 10.0; Win64; x64) AppleWebKit/537.36 (KHTML, like Gecko) Chrome/97.0.4692.99 Safari/537.36" "AX7Yl4BMut+L/qPNAAAQ"
0:0:0:0:0:0:0:1 - - [08/二月/2022:17:20:05 +0800] "GET /api/components/search_projects?filter=isFavorite&ps=1 HTTP/1.1" 200 77 "http://localhost:9000/projects" "Mozilla/5.0 (Windows NT 10.0; Win64; x64) AppleWebKit/537.36 (KHTML, like Gecko) Chrome/97.0.4692.99 Safari/537.36" "AX7Yl4BMut+L/qPNAAAS"
0:0:0:0:0:0:0:1 - - [08/二月/2022:17:20:05 +0800] "GET /js/244.8dce7c94.chunk.js HTTP/1.1" 200 - "http://localhost:9000/projects" "Mozilla/5.0 (Windows NT 10.0; Win64; x64) AppleWebKit/537.36 (KHTML, like Gecko) Chrome/97.0.4692.99 Safari/537.36" "AX7Yl4BMut+L/qPNAAAT"
0:0:0:0:0:0:0:1 - - [08/二月/2022:17:20:05 +0800] "GET /api/user_tokens/search?login=admin HTTP/1.1" 200 33 "http://localhost:9000/projects" "Mozilla/5.0 (Windows NT 10.0; Win64; x64) AppleWebKit/537.36 (KHTML, like Gecko) Chrome/97.0.4692.99 Safari/537.36" "AX7Yl4BMut+L/qPNAAAV"
0:0:0:0:0:0:0:1 - - [08/二月/2022:17:20:05 +0800] "GET /api/components/search_projects?ps=50&facets=reliability_rating%2Csecurity_rating%2Csqale_rating%2Ccoverage%2Cduplicated_lines_density%2Cncloc%2Calert_status%2Clanguages%2Ctags&f=analysisDate%2CleakPeriodDate HTTP/1.1" 200 - "http://localhost:9000/projects" "Mozilla/5.0 (Windows NT 10.0; Win64; x64) AppleWebKit/537.36 (KHTML, like Gecko) Chrome/97.0.4692.99 Safari/537.36" "AX7Yl4BMut+L/qPNAAAU"
0:0:0:0:0:0:0:1 - - [08/二月/2022:17:20:16 +0800] "POST /api/user_tokens/generate HTTP/1.1" 200 126 "http://localhost:9000/projects" "Mozilla/5.0 (Windows NT 10.0; Win64; x64) AppleWebKit/537.36 (KHTML, like Gecko) Chrome/97.0.4692.99 Safari/537.36" "AX7Yl4BMut+L/qPNAAAW"
0:0:0:0:0:0:0:1 - - [08/二月/2022:17:20:29 +0800] "POST /api/users/skip_onboarding_tutorial HTTP/1.1" 204 - "http://localhost:9000/projects" "Mozilla/5.0 (Windows NT 10.0; Win64; x64) AppleWebKit/537.36 (KHTML, like Gecko) Chrome/97.0.4692.99 Safari/537.36" "AX7Yl4BMut+L/qPNAAAX"
0:0:0:0:0:0:0:1 - - [08/二月/2022:17:20:32 +0800] "GET /api/issues/search?s=FILE_LINE&resolved=false&ps=100&facets=severities%2Ctypes&additionalFields=_all HTTP/1.1" 200 729 "http://localhost:9000/issues?resolved=false" "Mozilla/5.0 (Windows NT 10.0; Win64; x64) AppleWebKit/537.36 (KHTML, like Gecko) Chrome/97.0.4692.99 Safari/537.36" "AX7Yl4BMut+L/qPNAAAY"
0:0:0:0:0:0:0:1 - - [08/二月/2022:17:20:33 +0800] "GET /api/rules/app HTTP/1.1" 200 - "http://localhost:9000/coding_rules" "Mozilla/5.0 (Windows NT 10.0; Win64; x64) AppleWebKit/537.36 (KHTML, like Gecko) Chrome/97.0.4692.99 Safari/537.36" "AX7Yl4BMut+L/qPNAAAZ"
0:0:0:0:0:0:0:1 - - [08/二月/2022:17:20:33 +0800] "GET /api/qualityprofiles/search? HTTP/1.1" 200 - "http://localhost:9000/coding_rules" "Mozilla/5.0 (Windows NT 10.0; Win64; x64) AppleWebKit/537.36 (KHTML, like Gecko) Chrome/97.0.4692.99 Safari/537.36" "AX7Yl4BMut+L/qPNAAAa"
0:0:0:0:0:0:0:1 - - [08/二月/2022:17:20:33 +0800] "GET /api/rules/search?p=1&ps=200&facets=types%2Clanguages&f=name%2Clang%2ClangName%2CsysTags%2Ctags%2Cstatus%2Cseverity%2CisTemplate%2CtemplateKey&s=name&asc=true HTTP/1.1" 200 - "http://localhost:9000/coding_rules" "Mozilla/5.0 (Windows NT 10.0; Win64; x64) AppleWebKit/537.36 (KHTML, like Gecko) Chrome/97.0.4692.99 Safari/537.36" "AX7Yl4BMut+L/qPNAAAb"
0:0:0:0:0:0:0:1 - - [08/二月/2022:17:20:33 +0800] "GET /api/qualityprofiles/exporters HTTP/1.1" 200 207 "http://localhost:9000/profiles" "Mozilla/5.0 (Windows NT 10.0; Win64; x64) AppleWebKit/537.36 (KHTML, like Gecko) Chrome/97.0.4692.99 Safari/537.36" "AX7Yl4BMut+L/qPNAAAd"
0:0:0:0:0:0:0:1 - - [08/二月/2022:17:20:33 +0800] "GET /api/qualityprofiles/search? HTTP/1.1" 200 - "http://localhost:9000/profiles" "Mozilla/5.0 (Windows NT 10.0; Win64; x64) AppleWebKit/537.36 (KHTML, like Gecko) Chrome/97.0.4692.99 Safari/537.36" "AX7Yl4BMut+L/qPNAAAc"
0:0:0:0:0:0:0:1 - - [08/二月/2022:17:20:34 +0800] "GET /api/rules/search?available_since=2021-02-08&s=createdAt&asc=false&ps=10&f=name%2ClangName%2Cactives HTTP/1.1" 200 - "http://localhost:9000/profiles" "Mozilla/5.0 (Windows NT 10.0; Win64; x64) AppleWebKit/537.36 (KHTML, like Gecko) Chrome/97.0.4692.99 Safari/537.36" "AX7Yl4BMut+L/qPNAAAe"
0:0:0:0:0:0:0:1 - - [08/二月/2022:17:20:34 +0800] "GET /api/qualityprofiles/exporters HTTP/1.1" 200 207 "http://localhost:9000/profiles" "Mozilla/5.0 (Windows NT 10.0; Win64; x64) AppleWebKit/537.36 (KHTML, like Gecko) Chrome/97.0.4692.99 Safari/537.36" "AX7Yl4BMut+L/qPNAAAg"
0:0:0:0:0:0:0:1 - - [08/二月/2022:17:20:34 +0800] "GET /api/qualityprofiles/search? HTTP/1.1" 200 - "http://localhost:9000/profiles" "Mozilla/5.0 (Windows NT 10.0; Win64; x64) AppleWebKit/537.36 (KHTML, like Gecko) Chrome/97.0.4692.99 Safari/537.36" "AX7Yl4BMut+L/qPNAAAf"
0:0:0:0:0:0:0:1 - - [08/二月/2022:17:20:34 +0800] "GET /api/rules/search?available_since=2021-02-08&s=createdAt&asc=false&ps=10&f=name%2ClangName%2Cactives HTTP/1.1" 200 - "http://localhost:9000/profiles" "Mozilla/5.0 (Windows NT 10.0; Win64; x64) AppleWebKit/537.36 (KHTML, like Gecko) Chrome/97.0.4692.99 Safari/537.36" "AX7Yl4BMut+L/qPNAAAh"
