2022.02.11 21:58:45 INFO  web[][o.s.p.ProcessEntryPoint] Starting web
2022.02.11 21:58:46 INFO  web[][o.a.t.u.n.NioSelectorPool] Using a shared selector for servlet write/read
2022.02.11 21:58:49 INFO  web[][o.s.s.e.EsClientProvider] Connected to local Elasticsearch: [127.0.0.1:9001]
2022.02.11 21:58:49 INFO  web[][o.s.s.p.LogServerVersion] SonarQube Server / 7.0 / cc7666d8cac9100714f06ee6afe008bb6977e266
2022.02.11 21:58:52 INFO  web[][o.s.s.p.d.EmbeddedDatabase] Starting embedded database on port 9092 with url jdbc:h2:tcp://127.0.0.1:9092/sonar
2022.02.11 21:58:52 INFO  web[][o.s.s.p.d.EmbeddedDatabase] Embedded database started. Data stored in: D:\development\github\zuk-sonarqube-7.0\server\sonarqube-7.0\data
2022.02.11 21:58:52 INFO  web[][o.sonar.db.Database] Create JDBC data source for jdbc:h2:tcp://127.0.0.1:9092/sonar
2022.02.11 21:58:52 WARN  web[][o.s.d.DatabaseChecker] H2 database should be used for evaluation purpose only
2022.02.11 21:58:53 INFO  web[][o.s.s.p.ServerFileSystemImpl] SonarQube home: D:\development\github\zuk-sonarqube-7.0\server\sonarqube-7.0
2022.02.11 21:58:53 INFO  web[][o.s.s.u.SystemPasscodeImpl] System authentication by passcode is disabled
2022.02.11 21:58:53 INFO  web[][o.s.s.p.ServerPluginRepository] Deploy plugin Flex / 2.3 / 79167f762219bea1fd181ff5ef6ca4b34abd1675
2022.02.11 21:58:53 INFO  web[][o.s.s.p.ServerPluginRepository] Deploy plugin SonarC# / 6.7.1.4347 / c8c4474682a3cd67f345ff46b2a7e1c62c85441c
2022.02.11 21:58:53 INFO  web[][o.s.s.p.ServerPluginRepository] Deploy plugin SonarJS / 4.0.0.5862 / 7c3166ea3f0526e74aa53e521d2fee2290fa0820
2022.02.11 21:58:53 INFO  web[][o.s.s.p.ServerPluginRepository] Deploy plugin SonarJava / 5.1.0.13090 / 5d2c41b3da0a3a6c11417a6d17d011d7a1fe8ba2
2022.02.11 21:58:53 INFO  web[][o.s.s.p.ServerPluginRepository] Deploy plugin SonarPHP / 2.12.1.3018 / 75c2cebff53eeee63fe7eafc5e31c188270d5fe8
2022.02.11 21:58:53 INFO  web[][o.s.s.p.ServerPluginRepository] Deploy plugin SonarPython / 1.9.0.2010 / f17988b34c750c96c13ef5bdcc0645167233e3ad
2022.02.11 21:58:53 INFO  web[][o.s.s.p.ServerPluginRepository] Deploy plugin SonarQube :: Plugins :: SCM :: Git / 1.3.0.869 / 4da53e3f9e55f4f2e5796625cb0c5768ed152079
2022.02.11 21:58:53 INFO  web[][o.s.s.p.ServerPluginRepository] Deploy plugin SonarQube :: Plugins :: SCM :: SVN / 1.6.0.860 / 2111fdbd1dddda4ad6d4ed6486fd0b18c1010d3b
2022.02.11 21:58:53 INFO  web[][o.s.s.p.ServerPluginRepository] Deploy plugin SonarTS / 1.5.0.2122 / 7eb12e7593b8e02616914773451c6118f230c57a
2022.02.11 21:58:53 INFO  web[][o.s.s.p.ServerPluginRepository] Deploy plugin SonarXML / 1.4.3.1027 / 39588245cecf538bb27be4e496ff303b0143d20b
2022.02.11 21:58:55 INFO  web[][o.s.s.p.w.MasterServletFilter] Initializing servlet filter org.sonar.server.ws.WebServiceFilter@e6528c4 [pattern=UrlPattern{inclusions=[/api/system/migrate_db/*, ...], exclusions=[/api/properties*, ...]}]
2022.02.11 21:58:55 INFO  web[][o.s.s.a.EmbeddedTomcat] HTTP connector enabled on port 9000
2022.02.11 21:58:56 INFO  web[][o.s.s.p.UpdateCenterClient] Update center: https://update.sonarsource.org/update-center.properties (no proxy)
2022.02.11 21:58:57 INFO  web[][o.s.s.s.LogServerId] Server ID: AX7YlxTIj_VUXvjXweme
2022.02.11 21:58:57 INFO  web[][o.s.s.t.TelemetryDaemon] Sharing of SonarQube statistics is enabled.
2022.02.11 21:58:57 INFO  web[][o.s.s.n.NotificationDaemon] Notification service started (delay 60 sec.)
2022.02.11 21:58:57 INFO  web[][o.s.s.s.GeneratePluginIndex] Generate scanner plugin index
2022.02.11 21:58:57 INFO  web[][o.s.s.s.RegisterPlugins] Register plugins
2022.02.11 21:58:57 INFO  web[][o.s.s.s.RegisterMetrics] Register metrics
2022.02.11 21:58:57 INFO  web[][o.s.s.r.RegisterRules] Register rules
2022.02.11 21:59:00 INFO  web[][o.s.s.q.BuiltInQProfileRepositoryImpl] Load quality profiles
2022.02.11 21:59:00 INFO  web[][o.s.s.q.RegisterQualityProfiles] Register quality profiles
2022.02.11 21:59:00 INFO  web[][o.s.s.q.RegisterQualityProfiles] Update profile cs/Sonar way
2022.02.11 21:59:00 INFO  web[][o.s.s.q.RegisterQualityProfiles] Update profile java/Sonar way
2022.02.11 21:59:01 INFO  web[][o.s.s.q.RegisterQualityProfiles] Update profile xml/Sonar way
2022.02.11 21:59:01 INFO  web[][o.s.s.q.RegisterQualityProfiles] Update profile flex/Sonar way
2022.02.11 21:59:01 INFO  web[][o.s.s.q.RegisterQualityProfiles] Update profile js/Sonar way Recommended
2022.02.11 21:59:01 INFO  web[][o.s.s.q.RegisterQualityProfiles] Update profile js/Sonar way
2022.02.11 21:59:01 INFO  web[][o.s.s.q.RegisterQualityProfiles] Update profile php/Sonar way
2022.02.11 21:59:01 INFO  web[][o.s.s.q.RegisterQualityProfiles] Update profile php/PSR-2
2022.02.11 21:59:01 INFO  web[][o.s.s.q.RegisterQualityProfiles] Update profile php/Drupal
2022.02.11 21:59:01 INFO  web[][o.s.s.q.RegisterQualityProfiles] Update profile py/Sonar way
2022.02.11 21:59:01 INFO  web[][o.s.s.q.RegisterQualityProfiles] Update profile ts/Sonar way
2022.02.11 21:59:01 INFO  web[][o.s.s.q.RegisterQualityProfiles] Update profile ts/Sonar way recommended
2022.02.11 21:59:01 INFO  web[][o.s.s.s.RegisterPermissionTemplates] Register permission templates
2022.02.11 21:59:01 INFO  web[][o.s.s.s.RenameDeprecatedPropertyKeys] Rename deprecated property keys
2022.02.11 21:59:01 INFO  web[][o.s.s.p.w.MasterServletFilter] Initializing servlet filter org.sonar.server.ws.WebServiceFilter@10719e21 [pattern=UrlPattern{inclusions=[/api/measures/component/*, ...], exclusions=[/api/properties*, ...]}]
2022.02.11 21:59:01 INFO  web[][o.s.s.p.w.MasterServletFilter] Initializing servlet filter org.sonar.server.ws.DeprecatedPropertiesWsFilter@362b74e1 [pattern=UrlPattern{inclusions=[/api/properties/*], exclusions=[]}]
2022.02.11 21:59:01 INFO  web[][o.s.s.p.w.MasterServletFilter] Initializing servlet filter org.sonar.server.ws.WebServiceReroutingFilter@d172212 [pattern=UrlPattern{inclusions=[/api/components/bulk_update_key, ...], exclusions=[]}]
2022.02.11 21:59:01 INFO  web[][o.s.s.p.w.MasterServletFilter] Initializing servlet filter org.sonar.server.authentication.InitFilter@13282a3e [pattern=UrlPattern{inclusions=[/sessions/init/*], exclusions=[]}]
2022.02.11 21:59:01 INFO  web[][o.s.s.p.w.MasterServletFilter] Initializing servlet filter org.sonar.server.authentication.OAuth2CallbackFilter@28b8e946 [pattern=UrlPattern{inclusions=[/oauth2/callback/*], exclusions=[]}]
2022.02.11 21:59:01 INFO  web[][o.s.s.p.w.MasterServletFilter] Initializing servlet filter org.sonar.server.authentication.ws.LoginAction@2c2a94f3 [pattern=UrlPattern{inclusions=[/api/authentication/login], exclusions=[]}]
2022.02.11 21:59:01 INFO  web[][o.s.s.p.w.MasterServletFilter] Initializing servlet filter org.sonar.server.authentication.ws.LogoutAction@581a02a [pattern=UrlPattern{inclusions=[/api/authentication/logout], exclusions=[]}]
2022.02.11 21:59:01 INFO  web[][o.s.s.p.w.MasterServletFilter] Initializing servlet filter org.sonar.server.authentication.ws.ValidateAction@ac46874 [pattern=UrlPattern{inclusions=[/api/authentication/validate], exclusions=[]}]
2022.02.11 21:59:02 INFO  web[][o.s.s.p.Platform] WebServer is operational
2022.02.11 22:02:20 INFO  web[][o.s.p.ProcessEntryPoint] Starting web
2022.02.11 22:02:21 INFO  web[][o.a.t.u.n.NioSelectorPool] Using a shared selector for servlet write/read
2022.02.11 22:02:24 INFO  web[][o.s.s.e.EsClientProvider] Connected to local Elasticsearch: [127.0.0.1:9001]
2022.02.11 22:02:24 INFO  web[][o.s.s.p.LogServerVersion] SonarQube Server / 7.0 / cc7666d8cac9100714f06ee6afe008bb6977e266
2022.02.11 22:02:26 INFO  web[][o.s.s.p.d.EmbeddedDatabase] Starting embedded database on port 9092 with url jdbc:h2:tcp://127.0.0.1:9092/sonar
2022.02.11 22:02:26 INFO  web[][o.s.s.p.d.EmbeddedDatabase] Embedded database started. Data stored in: D:\development\github\zuk-sonarqube-7.0\server\sonarqube-7.0\data
2022.02.11 22:02:26 INFO  web[][o.sonar.db.Database] Create JDBC data source for jdbc:h2:tcp://127.0.0.1:9092/sonar
2022.02.11 22:02:27 WARN  web[][o.s.d.DatabaseChecker] H2 database should be used for evaluation purpose only
2022.02.11 22:02:28 INFO  web[][o.s.s.p.ServerFileSystemImpl] SonarQube home: D:\development\github\zuk-sonarqube-7.0\server\sonarqube-7.0
2022.02.11 22:02:28 INFO  web[][o.s.s.u.SystemPasscodeImpl] System authentication by passcode is disabled
2022.02.11 22:02:28 INFO  web[][o.s.s.p.ServerPluginRepository] Deploy plugin Flex / 2.3 / 79167f762219bea1fd181ff5ef6ca4b34abd1675
2022.02.11 22:02:28 INFO  web[][o.s.s.p.ServerPluginRepository] Deploy plugin SonarC# / 6.7.1.4347 / c8c4474682a3cd67f345ff46b2a7e1c62c85441c
2022.02.11 22:02:28 INFO  web[][o.s.s.p.ServerPluginRepository] Deploy plugin SonarJS / 4.0.0.5862 / 7c3166ea3f0526e74aa53e521d2fee2290fa0820
2022.02.11 22:02:28 INFO  web[][o.s.s.p.ServerPluginRepository] Deploy plugin SonarJava / 5.1.0.13090 / 5d2c41b3da0a3a6c11417a6d17d011d7a1fe8ba2
2022.02.11 22:02:28 INFO  web[][o.s.s.p.ServerPluginRepository] Deploy plugin SonarPHP / 2.12.1.3018 / 75c2cebff53eeee63fe7eafc5e31c188270d5fe8
2022.02.11 22:02:28 INFO  web[][o.s.s.p.ServerPluginRepository] Deploy plugin SonarPython / 1.9.0.2010 / f17988b34c750c96c13ef5bdcc0645167233e3ad
2022.02.11 22:02:28 INFO  web[][o.s.s.p.ServerPluginRepository] Deploy plugin SonarQube :: Plugins :: SCM :: Git / 1.3.0.869 / 4da53e3f9e55f4f2e5796625cb0c5768ed152079
2022.02.11 22:02:28 INFO  web[][o.s.s.p.ServerPluginRepository] Deploy plugin SonarQube :: Plugins :: SCM :: SVN / 1.6.0.860 / 2111fdbd1dddda4ad6d4ed6486fd0b18c1010d3b
2022.02.11 22:02:28 INFO  web[][o.s.s.p.ServerPluginRepository] Deploy plugin SonarTS / 1.5.0.2122 / 7eb12e7593b8e02616914773451c6118f230c57a
2022.02.11 22:02:28 INFO  web[][o.s.s.p.ServerPluginRepository] Deploy plugin SonarXML / 1.4.3.1027 / 39588245cecf538bb27be4e496ff303b0143d20b
2022.02.11 22:02:30 INFO  web[][o.s.s.p.w.MasterServletFilter] Initializing servlet filter org.sonar.server.ws.WebServiceFilter@7bc86681 [pattern=UrlPattern{inclusions=[/api/system/migrate_db/*, ...], exclusions=[/api/properties*, ...]}]
2022.02.11 22:02:30 INFO  web[][o.s.s.a.EmbeddedTomcat] HTTP connector enabled on port 9000
2022.02.11 22:03:07 INFO  web[][o.s.s.p.UpdateCenterClient] Update center: https://update.sonarsource.org/update-center.properties (no proxy)
2022.02.11 22:05:13 INFO  web[][o.s.p.ProcessEntryPoint] Starting web
2022.02.11 22:05:14 INFO  web[][o.a.t.u.n.NioSelectorPool] Using a shared selector for servlet write/read
2022.02.11 22:05:19 INFO  web[][o.s.s.e.EsClientProvider] Connected to local Elasticsearch: [127.0.0.1:9001]
2022.02.11 22:05:19 INFO  web[][o.s.s.p.LogServerVersion] SonarQube Server / 7.0 / cc7666d8cac9100714f06ee6afe008bb6977e266
2022.02.11 22:05:19 INFO  web[][o.s.s.p.d.EmbeddedDatabase] Starting embedded database on port 9092 with url jdbc:h2:tcp://127.0.0.1:9092/sonar
2022.02.11 22:05:19 INFO  web[][o.s.s.p.d.EmbeddedDatabase] Embedded database started. Data stored in: D:\development\github\zuk-sonarqube-7.0\server\sonarqube-7.0\data
2022.02.11 22:05:19 INFO  web[][o.sonar.db.Database] Create JDBC data source for jdbc:h2:tcp://127.0.0.1:9092/sonar
2022.02.11 22:05:20 WARN  web[][o.s.d.DatabaseChecker] H2 database should be used for evaluation purpose only
2022.02.11 22:05:21 INFO  web[][o.s.s.p.ServerFileSystemImpl] SonarQube home: D:\development\github\zuk-sonarqube-7.0\server\sonarqube-7.0
2022.02.11 22:05:21 INFO  web[][o.s.s.u.SystemPasscodeImpl] System authentication by passcode is disabled
2022.02.11 22:05:21 INFO  web[][o.s.s.p.ServerPluginRepository] Deploy plugin Flex / 2.3 / 79167f762219bea1fd181ff5ef6ca4b34abd1675
2022.02.11 22:05:21 INFO  web[][o.s.s.p.ServerPluginRepository] Deploy plugin SonarC# / 6.7.1.4347 / c8c4474682a3cd67f345ff46b2a7e1c62c85441c
2022.02.11 22:05:21 INFO  web[][o.s.s.p.ServerPluginRepository] Deploy plugin SonarJS / 4.0.0.5862 / 7c3166ea3f0526e74aa53e521d2fee2290fa0820
2022.02.11 22:05:21 INFO  web[][o.s.s.p.ServerPluginRepository] Deploy plugin SonarJava / 5.1.0.13090 / 5d2c41b3da0a3a6c11417a6d17d011d7a1fe8ba2
2022.02.11 22:05:21 INFO  web[][o.s.s.p.ServerPluginRepository] Deploy plugin SonarPHP / 2.12.1.3018 / 75c2cebff53eeee63fe7eafc5e31c188270d5fe8
2022.02.11 22:05:21 INFO  web[][o.s.s.p.ServerPluginRepository] Deploy plugin SonarPython / 1.9.0.2010 / f17988b34c750c96c13ef5bdcc0645167233e3ad
2022.02.11 22:05:21 INFO  web[][o.s.s.p.ServerPluginRepository] Deploy plugin SonarQube :: Plugins :: SCM :: Git / 1.3.0.869 / 4da53e3f9e55f4f2e5796625cb0c5768ed152079
2022.02.11 22:05:21 INFO  web[][o.s.s.p.ServerPluginRepository] Deploy plugin SonarQube :: Plugins :: SCM :: SVN / 1.6.0.860 / 2111fdbd1dddda4ad6d4ed6486fd0b18c1010d3b
2022.02.11 22:05:21 INFO  web[][o.s.s.p.ServerPluginRepository] Deploy plugin SonarTS / 1.5.0.2122 / 7eb12e7593b8e02616914773451c6118f230c57a
2022.02.11 22:05:21 INFO  web[][o.s.s.p.ServerPluginRepository] Deploy plugin SonarXML / 1.4.3.1027 / 39588245cecf538bb27be4e496ff303b0143d20b
2022.02.11 22:05:23 INFO  web[][o.s.s.p.w.MasterServletFilter] Initializing servlet filter org.sonar.server.ws.WebServiceFilter@5adb18d2 [pattern=UrlPattern{inclusions=[/api/system/migrate_db/*, ...], exclusions=[/api/properties*, ...]}]
2022.02.11 22:05:23 INFO  web[][o.s.s.a.EmbeddedTomcat] HTTP connector enabled on port 9000
2022.02.11 22:05:24 INFO  web[][o.s.s.p.UpdateCenterClient] Update center: https://update.sonarsource.org/update-center.properties (no proxy)
2022.02.11 22:05:25 INFO  web[][o.s.s.s.LogServerId] Server ID: AX7YlxTIj_VUXvjXweme
2022.02.11 22:05:25 INFO  web[][o.s.s.t.TelemetryDaemon] Sharing of SonarQube statistics is enabled.
2022.02.11 22:05:25 INFO  web[][o.s.s.n.NotificationDaemon] Notification service started (delay 60 sec.)
2022.02.11 22:05:26 INFO  web[][o.s.s.s.GeneratePluginIndex] Generate scanner plugin index
2022.02.11 22:05:26 INFO  web[][o.s.s.s.RegisterPlugins] Register plugins
2022.02.11 22:05:26 INFO  web[][o.s.s.s.RegisterMetrics] Register metrics
2022.02.11 22:05:26 INFO  web[][o.s.s.r.RegisterRules] Register rules
2022.02.11 22:05:29 INFO  web[][o.s.s.q.BuiltInQProfileRepositoryImpl] Load quality profiles
2022.02.11 22:05:29 INFO  web[][o.s.s.q.RegisterQualityProfiles] Register quality profiles
2022.02.11 22:05:29 INFO  web[][o.s.s.q.RegisterQualityProfiles] Update profile cs/Sonar way
2022.02.11 22:05:29 INFO  web[][o.s.s.q.RegisterQualityProfiles] Update profile java/Sonar way
2022.02.11 22:05:30 INFO  web[][o.s.s.q.RegisterQualityProfiles] Update profile xml/Sonar way
2022.02.11 22:05:30 INFO  web[][o.s.s.q.RegisterQualityProfiles] Update profile flex/Sonar way
2022.02.11 22:05:30 INFO  web[][o.s.s.q.RegisterQualityProfiles] Update profile js/Sonar way Recommended
2022.02.11 22:05:30 INFO  web[][o.s.s.q.RegisterQualityProfiles] Update profile js/Sonar way
2022.02.11 22:05:30 INFO  web[][o.s.s.q.RegisterQualityProfiles] Update profile php/Sonar way
2022.02.11 22:05:30 INFO  web[][o.s.s.q.RegisterQualityProfiles] Update profile php/PSR-2
2022.02.11 22:05:30 INFO  web[][o.s.s.q.RegisterQualityProfiles] Update profile php/Drupal
2022.02.11 22:05:30 INFO  web[][o.s.s.q.RegisterQualityProfiles] Update profile py/Sonar way
2022.02.11 22:05:31 INFO  web[][o.s.s.q.RegisterQualityProfiles] Update profile ts/Sonar way
2022.02.11 22:05:31 INFO  web[][o.s.s.q.RegisterQualityProfiles] Update profile ts/Sonar way recommended
2022.02.11 22:05:31 INFO  web[][o.s.s.s.RegisterPermissionTemplates] Register permission templates
2022.02.11 22:05:31 INFO  web[][o.s.s.s.RenameDeprecatedPropertyKeys] Rename deprecated property keys
2022.02.11 22:05:31 INFO  web[][o.s.s.p.w.MasterServletFilter] Initializing servlet filter org.sonar.server.ws.WebServiceFilter@7d7d759c [pattern=UrlPattern{inclusions=[/api/measures/component/*, ...], exclusions=[/api/properties*, ...]}]
2022.02.11 22:05:31 INFO  web[][o.s.s.p.w.MasterServletFilter] Initializing servlet filter org.sonar.server.ws.DeprecatedPropertiesWsFilter@4cf23883 [pattern=UrlPattern{inclusions=[/api/properties/*], exclusions=[]}]
2022.02.11 22:05:31 INFO  web[][o.s.s.p.w.MasterServletFilter] Initializing servlet filter org.sonar.server.ws.WebServiceReroutingFilter@5e39f396 [pattern=UrlPattern{inclusions=[/api/components/bulk_update_key, ...], exclusions=[]}]
2022.02.11 22:05:31 INFO  web[][o.s.s.p.w.MasterServletFilter] Initializing servlet filter org.sonar.server.authentication.InitFilter@247e671c [pattern=UrlPattern{inclusions=[/sessions/init/*], exclusions=[]}]
2022.02.11 22:05:31 INFO  web[][o.s.s.p.w.MasterServletFilter] Initializing servlet filter org.sonar.server.authentication.OAuth2CallbackFilter@3ef33f7f [pattern=UrlPattern{inclusions=[/oauth2/callback/*], exclusions=[]}]
2022.02.11 22:05:31 INFO  web[][o.s.s.p.w.MasterServletFilter] Initializing servlet filter org.sonar.server.authentication.ws.LoginAction@7d5327fe [pattern=UrlPattern{inclusions=[/api/authentication/login], exclusions=[]}]
2022.02.11 22:05:31 INFO  web[][o.s.s.p.w.MasterServletFilter] Initializing servlet filter org.sonar.server.authentication.ws.LogoutAction@4b48837e [pattern=UrlPattern{inclusions=[/api/authentication/logout], exclusions=[]}]
2022.02.11 22:05:31 INFO  web[][o.s.s.p.w.MasterServletFilter] Initializing servlet filter org.sonar.server.authentication.ws.ValidateAction@12266f4d [pattern=UrlPattern{inclusions=[/api/authentication/validate], exclusions=[]}]
2022.02.11 22:05:31 INFO  web[][o.s.s.p.Platform] WebServer is operational
2022.02.11 22:07:02 INFO  web[][o.s.p.ProcessEntryPoint] Starting web
2022.02.11 22:07:03 INFO  web[][o.a.t.u.n.NioSelectorPool] Using a shared selector for servlet write/read
2022.02.11 22:07:08 INFO  web[][o.s.s.e.EsClientProvider] Connected to local Elasticsearch: [127.0.0.1:9001]
2022.02.11 22:07:08 INFO  web[][o.s.s.p.LogServerVersion] SonarQube Server / 7.0 / cc7666d8cac9100714f06ee6afe008bb6977e266
2022.02.11 22:07:08 INFO  web[][o.s.s.p.d.EmbeddedDatabase] Starting embedded database on port 9092 with url jdbc:h2:tcp://127.0.0.1:9092/sonar
2022.02.11 22:07:08 INFO  web[][o.s.s.p.d.EmbeddedDatabase] Embedded database started. Data stored in: D:\development\github\zuk-sonarqube-7.0\server\sonarqube-7.0\data
2022.02.11 22:07:08 INFO  web[][o.sonar.db.Database] Create JDBC data source for jdbc:h2:tcp://127.0.0.1:9092/sonar
2022.02.11 22:07:08 WARN  web[][o.s.d.DatabaseChecker] H2 database should be used for evaluation purpose only
2022.02.11 22:07:09 INFO  web[][o.s.s.p.ServerFileSystemImpl] SonarQube home: D:\development\github\zuk-sonarqube-7.0\server\sonarqube-7.0
2022.02.11 22:07:09 INFO  web[][o.s.s.u.SystemPasscodeImpl] System authentication by passcode is disabled
2022.02.11 22:07:10 INFO  web[][o.s.s.p.ServerPluginRepository] Deploy plugin Flex / 2.3 / 79167f762219bea1fd181ff5ef6ca4b34abd1675
2022.02.11 22:07:10 INFO  web[][o.s.s.p.ServerPluginRepository] Deploy plugin SonarC# / 6.7.1.4347 / c8c4474682a3cd67f345ff46b2a7e1c62c85441c
2022.02.11 22:07:10 INFO  web[][o.s.s.p.ServerPluginRepository] Deploy plugin SonarJS / 4.0.0.5862 / 7c3166ea3f0526e74aa53e521d2fee2290fa0820
2022.02.11 22:07:10 INFO  web[][o.s.s.p.ServerPluginRepository] Deploy plugin SonarJava / 5.1.0.13090 / 5d2c41b3da0a3a6c11417a6d17d011d7a1fe8ba2
2022.02.11 22:07:10 INFO  web[][o.s.s.p.ServerPluginRepository] Deploy plugin SonarPHP / 2.12.1.3018 / 75c2cebff53eeee63fe7eafc5e31c188270d5fe8
2022.02.11 22:07:10 INFO  web[][o.s.s.p.ServerPluginRepository] Deploy plugin SonarPython / 1.9.0.2010 / f17988b34c750c96c13ef5bdcc0645167233e3ad
2022.02.11 22:07:10 INFO  web[][o.s.s.p.ServerPluginRepository] Deploy plugin SonarQube :: Plugins :: SCM :: Git / 1.3.0.869 / 4da53e3f9e55f4f2e5796625cb0c5768ed152079
2022.02.11 22:07:10 INFO  web[][o.s.s.p.ServerPluginRepository] Deploy plugin SonarQube :: Plugins :: SCM :: SVN / 1.6.0.860 / 2111fdbd1dddda4ad6d4ed6486fd0b18c1010d3b
2022.02.11 22:07:10 INFO  web[][o.s.s.p.ServerPluginRepository] Deploy plugin SonarTS / 1.5.0.2122 / 7eb12e7593b8e02616914773451c6118f230c57a
2022.02.11 22:07:10 INFO  web[][o.s.s.p.ServerPluginRepository] Deploy plugin SonarXML / 1.4.3.1027 / 39588245cecf538bb27be4e496ff303b0143d20b
2022.02.11 22:07:11 INFO  web[][o.s.s.p.w.MasterServletFilter] Initializing servlet filter org.sonar.server.ws.WebServiceFilter@43299de [pattern=UrlPattern{inclusions=[/api/system/migrate_db/*, ...], exclusions=[/api/properties*, ...]}]
2022.02.11 22:07:11 INFO  web[][o.s.s.a.EmbeddedTomcat] HTTP connector enabled on port 9000
2022.02.11 22:07:14 INFO  web[][o.s.s.p.UpdateCenterClient] Update center: https://update.sonarsource.org/update-center.properties (no proxy)
2022.02.11 22:07:15 INFO  web[][o.s.s.s.LogServerId] Server ID: AX7YlxTIj_VUXvjXweme
2022.02.11 22:07:15 INFO  web[][o.s.s.t.TelemetryDaemon] Sharing of SonarQube statistics is enabled.
2022.02.11 22:07:15 INFO  web[][o.s.s.n.NotificationDaemon] Notification service started (delay 60 sec.)
2022.02.11 22:07:16 INFO  web[][o.s.s.s.GeneratePluginIndex] Generate scanner plugin index
2022.02.11 22:07:16 INFO  web[][o.s.s.s.RegisterPlugins] Register plugins
2022.02.11 22:07:16 INFO  web[][o.s.s.s.RegisterMetrics] Register metrics
2022.02.11 22:07:16 INFO  web[][o.s.s.r.RegisterRules] Register rules
2022.02.11 22:07:19 INFO  web[][o.s.s.q.BuiltInQProfileRepositoryImpl] Load quality profiles
2022.02.11 22:07:19 INFO  web[][o.s.s.q.RegisterQualityProfiles] Register quality profiles
2022.02.11 22:07:19 INFO  web[][o.s.s.q.RegisterQualityProfiles] Update profile cs/Sonar way
2022.02.11 22:07:20 INFO  web[][o.s.s.q.RegisterQualityProfiles] Update profile java/Sonar way
2022.02.11 22:07:20 INFO  web[][o.s.s.q.RegisterQualityProfiles] Update profile xml/Sonar way
2022.02.11 22:07:20 INFO  web[][o.s.s.q.RegisterQualityProfiles] Update profile flex/Sonar way
2022.02.11 22:07:20 INFO  web[][o.s.s.q.RegisterQualityProfiles] Update profile js/Sonar way Recommended
2022.02.11 22:07:20 INFO  web[][o.s.s.q.RegisterQualityProfiles] Update profile js/Sonar way
2022.02.11 22:07:21 INFO  web[][o.s.s.q.RegisterQualityProfiles] Update profile php/Sonar way
2022.02.11 22:07:21 INFO  web[][o.s.s.q.RegisterQualityProfiles] Update profile php/PSR-2
2022.02.11 22:07:21 INFO  web[][o.s.s.q.RegisterQualityProfiles] Update profile php/Drupal
2022.02.11 22:07:21 INFO  web[][o.s.s.q.RegisterQualityProfiles] Update profile py/Sonar way
2022.02.11 22:07:21 INFO  web[][o.s.s.q.RegisterQualityProfiles] Update profile ts/Sonar way
2022.02.11 22:07:21 INFO  web[][o.s.s.q.RegisterQualityProfiles] Update profile ts/Sonar way recommended
2022.02.11 22:07:21 INFO  web[][o.s.s.s.RegisterPermissionTemplates] Register permission templates
2022.02.11 22:07:21 INFO  web[][o.s.s.s.RenameDeprecatedPropertyKeys] Rename deprecated property keys
2022.02.11 22:07:21 INFO  web[][o.s.s.p.w.MasterServletFilter] Initializing servlet filter org.sonar.server.ws.WebServiceFilter@29bced4a [pattern=UrlPattern{inclusions=[/api/measures/component/*, ...], exclusions=[/api/properties*, ...]}]
2022.02.11 22:07:21 INFO  web[][o.s.s.p.w.MasterServletFilter] Initializing servlet filter org.sonar.server.ws.DeprecatedPropertiesWsFilter@2f72e82f [pattern=UrlPattern{inclusions=[/api/properties/*], exclusions=[]}]
2022.02.11 22:07:21 INFO  web[][o.s.s.p.w.MasterServletFilter] Initializing servlet filter org.sonar.server.ws.WebServiceReroutingFilter@598b842b [pattern=UrlPattern{inclusions=[/api/components/bulk_update_key, ...], exclusions=[]}]
2022.02.11 22:07:21 INFO  web[][o.s.s.p.w.MasterServletFilter] Initializing servlet filter org.sonar.server.authentication.InitFilter@43245c62 [pattern=UrlPattern{inclusions=[/sessions/init/*], exclusions=[]}]
2022.02.11 22:07:21 INFO  web[][o.s.s.p.w.MasterServletFilter] Initializing servlet filter org.sonar.server.authentication.OAuth2CallbackFilter@69577379 [pattern=UrlPattern{inclusions=[/oauth2/callback/*], exclusions=[]}]
2022.02.11 22:07:21 INFO  web[][o.s.s.p.w.MasterServletFilter] Initializing servlet filter org.sonar.server.authentication.ws.LoginAction@68f415e6 [pattern=UrlPattern{inclusions=[/api/authentication/login], exclusions=[]}]
2022.02.11 22:07:21 INFO  web[][o.s.s.p.w.MasterServletFilter] Initializing servlet filter org.sonar.server.authentication.ws.LogoutAction@16fe4f37 [pattern=UrlPattern{inclusions=[/api/authentication/logout], exclusions=[]}]
2022.02.11 22:07:21 INFO  web[][o.s.s.p.w.MasterServletFilter] Initializing servlet filter org.sonar.server.authentication.ws.ValidateAction@435d00bf [pattern=UrlPattern{inclusions=[/api/authentication/validate], exclusions=[]}]
2022.02.11 22:07:21 INFO  web[][o.s.s.p.Platform] WebServer is operational
