2022.02.08 17:06:05 INFO  web[][o.s.p.ProcessEntryPoint] Starting web
2022.02.08 17:06:06 INFO  web[][o.a.t.u.n.NioSelectorPool] Using a shared selector for servlet write/read
2022.02.08 17:06:06 WARN  web[][o.s.p.ProcessEntryPoint] Fail to start web
java.lang.RuntimeException: org.apache.catalina.LifecycleException: Failed to start component [StandardServer[-1]]
	at com.google.common.base.Throwables.propagate(Throwables.java:160)
	at org.sonar.server.app.EmbeddedTomcat.start(EmbeddedTomcat.java:64)
	at org.sonar.server.app.WebServer.start(WebServer.java:55)
	at org.sonar.process.ProcessEntryPoint.launch(ProcessEntryPoint.java:113)
	at org.sonar.process.ProcessEntryPoint.launch(ProcessEntryPoint.java:100)
	at org.sonar.server.app.WebServer.main(WebServer.java:105)
Caused by: org.apache.catalina.LifecycleException: Failed to start component [StandardServer[-1]]
	at org.apache.catalina.util.LifecycleBase.start(LifecycleBase.java:167)
	at org.apache.catalina.startup.Tomcat.start(Tomcat.java:367)
	at org.sonar.server.app.EmbeddedTomcat.start(EmbeddedTomcat.java:61)
	... 4 common frames omitted
Caused by: org.apache.catalina.LifecycleException: Failed to start component [StandardService[Tomcat]]
	at org.apache.catalina.util.LifecycleBase.start(LifecycleBase.java:167)
	at org.apache.catalina.core.StandardServer.startInternal(StandardServer.java:793)
	at org.apache.catalina.util.LifecycleBase.start(LifecycleBase.java:150)
	... 6 common frames omitted
Caused by: org.apache.catalina.LifecycleException: Failed to start component [StandardEngine[Tomcat]]
	at org.apache.catalina.util.LifecycleBase.start(LifecycleBase.java:167)
	at org.apache.catalina.core.StandardService.startInternal(StandardService.java:422)
	at org.apache.catalina.util.LifecycleBase.start(LifecycleBase.java:150)
	... 8 common frames omitted
Caused by: org.apache.catalina.LifecycleException: A child container failed during start
	at org.apache.catalina.core.ContainerBase.startInternal(ContainerBase.java:948)
	at org.apache.catalina.core.StandardEngine.startInternal(StandardEngine.java:262)
	at org.apache.catalina.util.LifecycleBase.start(LifecycleBase.java:150)
	... 10 common frames omitted
2022.02.08 17:08:00 INFO  web[][o.s.p.ProcessEntryPoint] Starting web
2022.02.08 17:08:01 INFO  web[][o.a.t.u.n.NioSelectorPool] Using a shared selector for servlet write/read
2022.02.08 17:08:04 INFO  web[][o.s.s.e.EsClientProvider] Connected to local Elasticsearch: [127.0.0.1:9001]
2022.02.08 17:08:04 INFO  web[][o.s.s.p.LogServerVersion] SonarQube Server / 7.0 / 230c25c276f599577ee0428ae7fb249f74d6c0c8
2022.02.08 17:08:04 INFO  web[][o.s.s.p.d.EmbeddedDatabase] Starting embedded database on port 9092 with url jdbc:h2:tcp://127.0.0.1:9092/sonar
2022.02.08 17:08:04 INFO  web[][o.s.s.p.d.EmbeddedDatabase] Embedded database started. Data stored in: D:\development\github\zuk-sonarqube-7.0\server\sonarqube-7.0\data
2022.02.08 17:08:04 INFO  web[][o.sonar.db.Database] Create JDBC data source for jdbc:h2:tcp://127.0.0.1:9092/sonar
2022.02.08 17:08:04 WARN  web[][o.s.d.DatabaseChecker] H2 database should be used for evaluation purpose only
2022.02.08 17:08:05 INFO  web[][o.s.s.p.ServerFileSystemImpl] SonarQube home: D:\development\github\zuk-sonarqube-7.0\server\sonarqube-7.0
2022.02.08 17:08:05 INFO  web[][o.s.s.u.SystemPasscodeImpl] System authentication by passcode is disabled
2022.02.08 17:08:05 INFO  web[][o.s.s.p.d.m.h.MigrationHistoryTableImpl] Creating table schema_migrations
2022.02.08 17:08:05 INFO  web[][o.s.s.p.ServerPluginRepository] Deploy plugin Flex / 2.3 / 79167f762219bea1fd181ff5ef6ca4b34abd1675
2022.02.08 17:08:05 INFO  web[][o.s.s.p.ServerPluginRepository] Deploy plugin SonarC# / 6.7.1.4347 / c8c4474682a3cd67f345ff46b2a7e1c62c85441c
2022.02.08 17:08:05 INFO  web[][o.s.s.p.ServerPluginRepository] Deploy plugin SonarJS / 4.0.0.5862 / 7c3166ea3f0526e74aa53e521d2fee2290fa0820
2022.02.08 17:08:05 INFO  web[][o.s.s.p.ServerPluginRepository] Deploy plugin SonarJava / 5.1.0.13090 / 5d2c41b3da0a3a6c11417a6d17d011d7a1fe8ba2
2022.02.08 17:08:05 INFO  web[][o.s.s.p.ServerPluginRepository] Deploy plugin SonarPHP / 2.12.1.3018 / 75c2cebff53eeee63fe7eafc5e31c188270d5fe8
2022.02.08 17:08:05 INFO  web[][o.s.s.p.ServerPluginRepository] Deploy plugin SonarPython / 1.9.0.2010 / f17988b34c750c96c13ef5bdcc0645167233e3ad
2022.02.08 17:08:05 INFO  web[][o.s.s.p.ServerPluginRepository] Deploy plugin SonarQube :: Plugins :: SCM :: Git / 1.3.0.869 / 4da53e3f9e55f4f2e5796625cb0c5768ed152079
2022.02.08 17:08:05 INFO  web[][o.s.s.p.ServerPluginRepository] Deploy plugin SonarQube :: Plugins :: SCM :: SVN / 1.6.0.860 / 2111fdbd1dddda4ad6d4ed6486fd0b18c1010d3b
2022.02.08 17:08:05 INFO  web[][o.s.s.p.ServerPluginRepository] Deploy plugin SonarTS / 1.5.0.2122 / 7eb12e7593b8e02616914773451c6118f230c57a
2022.02.08 17:08:05 INFO  web[][o.s.s.p.ServerPluginRepository] Deploy plugin SonarXML / 1.4.3.1027 / 39588245cecf538bb27be4e496ff303b0143d20b
2022.02.08 17:08:06 INFO  web[][o.s.s.p.d.m.AutoDbMigration] Automatically perform DB migration on fresh install
2022.02.08 17:08:06 INFO  web[][o.s.s.p.Platform] Database has been automatically updated
2022.02.08 17:08:06 INFO  web[][o.s.s.p.w.MasterServletFilter] Initializing servlet filter org.sonar.server.ws.WebServiceFilter@7583763 [pattern=UrlPattern{inclusions=[/api/system/migrate_db/*, ...], exclusions=[/api/properties*, ...]}]
2022.02.08 17:08:06 INFO  web[][o.s.s.a.EmbeddedTomcat] HTTP connector enabled on port 9000
2022.02.08 17:08:08 INFO  web[][o.s.s.p.UpdateCenterClient] Update center: https://update.sonarsource.org/update-center.properties (no proxy)
2022.02.08 17:08:09 INFO  web[][o.s.s.e.IndexCreator] Create index metadatas
2022.02.08 17:08:09 INFO  web[][o.s.s.e.IndexCreator] Create type metadatas/metadata
2022.02.08 17:08:09 INFO  web[][o.s.s.e.IndexCreator] Create index components
2022.02.08 17:08:10 INFO  web[][o.s.s.e.IndexCreator] Create type components/component
2022.02.08 17:08:10 INFO  web[][o.s.s.e.IndexCreator] Create type components/authorization
2022.02.08 17:08:10 INFO  web[][o.s.s.e.IndexCreator] Create index tests
2022.02.08 17:08:10 INFO  web[][o.s.s.e.IndexCreator] Create type tests/test
2022.02.08 17:08:10 INFO  web[][o.s.s.e.IndexCreator] Create index projectmeasures
2022.02.08 17:08:10 INFO  web[][o.s.s.e.IndexCreator] Create type projectmeasures/projectmeasure
2022.02.08 17:08:10 INFO  web[][o.s.s.e.IndexCreator] Create type projectmeasures/authorization
2022.02.08 17:08:10 INFO  web[][o.s.s.e.IndexCreator] Create index rules
2022.02.08 17:08:11 INFO  web[][o.s.s.e.IndexCreator] Create type rules/activeRule
2022.02.08 17:08:11 INFO  web[][o.s.s.e.IndexCreator] Create type rules/ruleExtension
2022.02.08 17:08:11 INFO  web[][o.s.s.e.IndexCreator] Create type rules/rule
2022.02.08 17:08:11 INFO  web[][o.s.s.e.IndexCreator] Create index issues
2022.02.08 17:08:11 INFO  web[][o.s.s.e.IndexCreator] Create type issues/issue
2022.02.08 17:08:11 INFO  web[][o.s.s.e.IndexCreator] Create type issues/authorization
2022.02.08 17:08:11 INFO  web[][o.s.s.e.IndexCreator] Create index users
2022.02.08 17:08:12 INFO  web[][o.s.s.e.IndexCreator] Create type users/user
2022.02.08 17:08:12 INFO  web[][o.s.s.e.IndexCreator] Create index views
2022.02.08 17:08:12 INFO  web[][o.s.s.e.IndexCreator] Create type views/view
2022.02.08 17:08:12 INFO  web[][o.s.s.s.LogServerId] Server ID: AX7YlxTIj_VUXvjXweme
2022.02.08 17:08:12 INFO  web[][o.s.s.t.TelemetryDaemon] Sharing of SonarQube statistics is enabled.
2022.02.08 17:08:12 INFO  web[][o.s.s.n.NotificationDaemon] Notification service started (delay 60 sec.)
2022.02.08 17:08:12 INFO  web[][o.s.s.s.GeneratePluginIndex] Generate scanner plugin index
2022.02.08 17:08:12 INFO  web[][o.s.s.s.RegisterPlugins] Register plugins
2022.02.08 17:08:13 INFO  web[][o.s.s.s.RegisterMetrics] Register metrics
2022.02.08 17:08:13 INFO  web[][o.s.s.q.RegisterQualityGates] Built-in quality gate's conditions of [Sonar way] has been updated
2022.02.08 17:08:13 INFO  web[][o.s.s.r.RegisterRules] Register rules
2022.02.08 17:08:20 INFO  web[][o.s.s.q.BuiltInQProfileRepositoryImpl] Load quality profiles
2022.02.08 17:08:20 INFO  web[][o.s.s.q.RegisterQualityProfiles] Register quality profiles
2022.02.08 17:08:20 INFO  web[][o.s.s.q.RegisterQualityProfiles] Register profile cs/Sonar way
2022.02.08 17:08:21 INFO  web[][o.s.s.q.RegisterQualityProfiles] Register profile java/Sonar way
2022.02.08 17:08:21 INFO  web[][o.s.s.q.RegisterQualityProfiles] Register profile xml/Sonar way
2022.02.08 17:08:22 INFO  web[][o.s.s.q.RegisterQualityProfiles] Register profile flex/Sonar way
2022.02.08 17:08:22 INFO  web[][o.s.s.q.RegisterQualityProfiles] Register profile js/Sonar way Recommended
2022.02.08 17:08:22 INFO  web[][o.s.s.q.RegisterQualityProfiles] Register profile js/Sonar way
2022.02.08 17:08:22 INFO  web[][o.s.s.q.RegisterQualityProfiles] Register profile php/Sonar way
2022.02.08 17:08:23 INFO  web[][o.s.s.q.RegisterQualityProfiles] Register profile php/PSR-2
2022.02.08 17:08:23 INFO  web[][o.s.s.q.RegisterQualityProfiles] Register profile php/Drupal
2022.02.08 17:08:23 INFO  web[][o.s.s.q.RegisterQualityProfiles] Register profile py/Sonar way
2022.02.08 17:08:24 INFO  web[][o.s.s.q.RegisterQualityProfiles] Register profile ts/Sonar way
2022.02.08 17:08:24 INFO  web[][o.s.s.q.RegisterQualityProfiles] Register profile ts/Sonar way recommended
2022.02.08 17:08:25 INFO  web[][o.s.s.s.RegisterPermissionTemplates] Register permission templates
2022.02.08 17:08:25 INFO  web[][o.s.s.s.RenameDeprecatedPropertyKeys] Rename deprecated property keys
2022.02.08 17:08:25 INFO  web[][o.s.s.p.w.MasterServletFilter] Initializing servlet filter org.sonar.server.ws.WebServiceFilter@6a6449af [pattern=UrlPattern{inclusions=[/api/measures/component/*, ...], exclusions=[/api/properties*, ...]}]
2022.02.08 17:08:25 INFO  web[][o.s.s.p.w.MasterServletFilter] Initializing servlet filter org.sonar.server.ws.DeprecatedPropertiesWsFilter@750dc3d0 [pattern=UrlPattern{inclusions=[/api/properties/*], exclusions=[]}]
2022.02.08 17:08:25 INFO  web[][o.s.s.p.w.MasterServletFilter] Initializing servlet filter org.sonar.server.ws.WebServiceReroutingFilter@637035a7 [pattern=UrlPattern{inclusions=[/api/components/bulk_update_key, ...], exclusions=[]}]
2022.02.08 17:08:25 INFO  web[][o.s.s.p.w.MasterServletFilter] Initializing servlet filter org.sonar.server.authentication.InitFilter@79c91264 [pattern=UrlPattern{inclusions=[/sessions/init/*], exclusions=[]}]
2022.02.08 17:08:25 INFO  web[][o.s.s.p.w.MasterServletFilter] Initializing servlet filter org.sonar.server.authentication.OAuth2CallbackFilter@5abcae39 [pattern=UrlPattern{inclusions=[/oauth2/callback/*], exclusions=[]}]
2022.02.08 17:08:25 INFO  web[][o.s.s.p.w.MasterServletFilter] Initializing servlet filter org.sonar.server.authentication.ws.LoginAction@50de5afd [pattern=UrlPattern{inclusions=[/api/authentication/login], exclusions=[]}]
2022.02.08 17:08:25 INFO  web[][o.s.s.p.w.MasterServletFilter] Initializing servlet filter org.sonar.server.authentication.ws.LogoutAction@4c40db2d [pattern=UrlPattern{inclusions=[/api/authentication/logout], exclusions=[]}]
2022.02.08 17:08:25 INFO  web[][o.s.s.p.w.MasterServletFilter] Initializing servlet filter org.sonar.server.authentication.ws.ValidateAction@2662eeb8 [pattern=UrlPattern{inclusions=[/api/authentication/validate], exclusions=[]}]
2022.02.08 17:08:25 INFO  web[][o.s.s.e.IndexerStartupTask] Indexing of type [rules/activeRule] ...
2022.02.08 17:08:26 INFO  web[][o.s.s.e.IndexerStartupTask] Indexing of type [rules/activeRule] done | time=1428ms
2022.02.08 17:08:26 INFO  web[][o.s.s.e.IndexerStartupTask] Indexing of types [rules/ruleExtension],[rules/rule] ...
2022.02.08 17:08:28 INFO  web[][o.s.s.e.IndexerStartupTask] Indexing of types [rules/ruleExtension],[rules/rule] done | time=2086ms
2022.02.08 17:08:28 INFO  web[][o.s.s.e.IndexerStartupTask] Indexing of type [users/user] ...
2022.02.08 17:08:28 INFO  web[][o.s.s.e.IndexerStartupTask] Indexing of type [users/user] done | time=348ms
2022.02.08 17:08:28 INFO  web[][o.s.s.e.IndexerStartupTask] Indexing of type [components/component] ...
2022.02.08 17:08:29 INFO  web[][o.s.s.e.IndexerStartupTask] Indexing of type [components/component] done | time=125ms
2022.02.08 17:08:29 INFO  web[][o.s.s.e.IndexerStartupTask] Indexing of type [views/view] ...
2022.02.08 17:08:29 INFO  web[][o.s.s.e.IndexerStartupTask] Indexing of type [views/view] done | time=162ms
2022.02.08 17:08:29 INFO  web[][o.s.s.e.IndexerStartupTask] Indexing of type [issues/issue] ...
2022.02.08 17:08:29 INFO  web[][o.s.s.e.IndexerStartupTask] Indexing of type [issues/issue] done | time=124ms
2022.02.08 17:08:29 INFO  web[][o.s.s.e.IndexerStartupTask] Indexing of types [components/authorization],[issues/authorization],[projectmeasures/authorization] ...
2022.02.08 17:08:29 INFO  web[][o.s.s.e.IndexerStartupTask] Indexing of types [components/authorization],[issues/authorization],[projectmeasures/authorization] done | time=280ms
2022.02.08 17:08:29 INFO  web[][o.s.s.e.IndexerStartupTask] Indexing of type [tests/test] ...
2022.02.08 17:08:29 INFO  web[][o.s.s.e.IndexerStartupTask] Indexing of type [tests/test] done | time=108ms
2022.02.08 17:08:29 INFO  web[][o.s.s.e.IndexerStartupTask] Indexing of type [projectmeasures/projectmeasure] ...
2022.02.08 17:08:29 INFO  web[][o.s.s.e.IndexerStartupTask] Indexing of type [projectmeasures/projectmeasure] done | time=99ms
2022.02.08 17:08:29 INFO  web[][o.s.s.p.Platform] WebServer is operational
